 sadaddwad
 awdawd
 awdawd
 awdawd
 daw
 awdawdawda
 wdawd
 awdawdawdawd
 awdawdawdaa
 dawd
 sc<cszc
 cs
 555
 55555
 778
 88
 888888899
 awd aw dawawd 
 ad 
 ad 
 aw d
 awdawdawdad awdawdawdawd
 awda
 555a
 aw daw daw
 awd
 dddd
 fffffffff
 dawdawd new

 aw dawd 

 a daw 
 aw daw daw awd awd awdawdawdawdawd 
 awdawdawdawdd awdawdawdawd dawwd aw
 d a
 w wdawd a
 wdawd awdawdawdawd 
 d ad awdawdawdawdd 
 awdawd a
 awd awd1



 lalalalwlwlwald awdwd 
 awdawdlaw d
 aw 
 awld awld a
 wld awdawdlawwld
 
dad awd 
a
wd 
ad
999+


dwad awd aw dawLaravel
This Dockertttttttttttttttt

wa ad a wdawd  dawawd awd 

Laravel Yakub Andrey
z scsz scszzc 
zs 
czc 
c 
zs
c zs
c scszc zs
c 
zs c
zsc
123
456
789
355
8+
6

aw
d 
awdawdd aw
d 
awd aw
d aw dawawd daw daw  awd
a 
wd awd 


aw daw awd 
aw 
awd 
awd awdawdawdawdawd dawd aw
d awdawdawdawdawd
 awdawdawdawdawd aw
  
  aw 
  awdawdawdawdawdd awdawdawdawdawdd awdlawraw 

  awawel awl wa e
  aw 
  eaw leawl ealwelawl awllraw

 awd aw
 d a
 wd aw
  dawawdd a
  w dawawdaw
   daw dawawd daw d
   awdawdawdawdawdd awdawdawdawdawd awd 


   awd awdawdawdawdawdd
awdawd

awd
awdawdawdawdawdawd

dawdawd


a dawdawdwa 
dawdawdfes

fsef

Lrwar
