2020/02/14 15:31:39 [emerg] 1#1: host not found in upstream "php" in /etc/nginx/conf.d/default.conf:16
2020/02/14 15:31:44 [emerg] 1#1: host not found in upstream "php" in /etc/nginx/conf.d/default.conf:16
2020/02/14 15:31:49 [emerg] 1#1: host not found in upstream "php" in /etc/nginx/conf.d/default.conf:16
2020/02/14 15:31:55 [emerg] 1#1: host not found in upstream "php" in /etc/nginx/conf.d/default.conf:16
2020/02/14 15:32:01 [emerg] 1#1: host not found in upstream "php" in /etc/nginx/conf.d/default.conf:16
2020/02/14 15:32:06 [emerg] 1#1: host not found in upstream "php" in /etc/nginx/conf.d/default.conf:16
2020/02/14 15:32:12 [emerg] 1#1: host not found in upstream "php" in /etc/nginx/conf.d/default.conf:16
2020/02/14 15:32:22 [emerg] 1#1: host not found in upstream "php" in /etc/nginx/conf.d/default.conf:16
2020/02/14 15:32:38 [emerg] 1#1: host not found in upstream "php" in /etc/nginx/conf.d/default.conf:16
2020/02/14 15:33:08 [emerg] 1#1: host not found in upstream "php" in /etc/nginx/conf.d/default.conf:16
2020/02/14 15:34:01 [emerg] 1#1: host not found in upstream "php" in /etc/nginx/conf.d/default.conf:16
2020/02/14 15:35:04 [emerg] 1#1: host not found in upstream "php" in /etc/nginx/conf.d/default.conf:16
2020/02/14 15:36:05 [emerg] 1#1: host not found in upstream "php" in /etc/nginx/conf.d/default.conf:16
2020/02/14 15:37:07 [emerg] 1#1: host not found in upstream "php" in /etc/nginx/conf.d/default.conf:16
2020/02/14 15:38:08 [emerg] 1#1: host not found in upstream "php" in /etc/nginx/conf.d/default.conf:16
2020/02/14 15:39:09 [emerg] 1#1: host not found in upstream "php" in /etc/nginx/conf.d/default.conf:16
2020/02/14 15:40:10 [emerg] 1#1: host not found in upstream "php" in /etc/nginx/conf.d/default.conf:16
2020/02/14 15:41:12 [emerg] 1#1: host not found in upstream "php" in /etc/nginx/conf.d/default.conf:16
aw daw aw aw awd awd awddaw
 daw
 aw daw


ad 
awd2020/02/14 15:43:14 [emerg] 1#1: host not found in upstream "php" in /etc/nginx/conf.d/default.conf:16
2020/02/14 15:44:16 [emerg] 1#1: host not found in upstream "php" in /etc/nginx/conf.d/default.conf:16
2020/02/14 15:45:17 [emerg] 1#1: host not found in upstream "php" in /etc/nginx/conf.d/default.conf:16
2020/02/14 15:46:18 [emerg] 1#1: host not found in upstream "php" in /etc/nginx/conf.d/default.conf:16
2020/02/14 15:47:20 [emerg] 1#1: host not found in upstream "php" in /etc/nginx/conf.d/default.conf:16
2020/02/14 15:48:21 [emerg] 1#1: host not found in upstream "php" in /etc/nginx/conf.d/default.conf:16
2020/02/14 15:49:22 [emerg] 1#1: host not found in upstream "php" in /etc/nginx/conf.d/default.conf:16
2020/02/14 15:50:23 [emerg] 1#1: host not found in upstream "php" in /etc/nginx/conf.d/default.conf:16
2020/02/14 15:51:24 [emerg] 1#1: host not found in upstream "php" in /etc/nginx/conf.d/default.conf:16a
2020/02/14 15:52:26 [emerg] 1#1: host not found in upstream "php" in /etc/nginx/conf.d/default.conf:16
2020/02/14 15:53:27 [emerg] 1#1: host not found in upstream "php" in /etc/nginx/conf.d/default.conf:16
2020/02/14 15:54:29 [emerg] 1#1: host not found in upstream "php" in /etc/nginx/conf.d/default.conf:16
2020/02/14 15:55:31 [emerg] 1#1: host not found in upstream "php" in /etc/nginx/conf.d/default.conf:16
2020/02/14 15:56:32 [emerg] 1#1: host not found in upstream "php" in /etc/nginx/conf.d/default.conf:16
2020/02/14 15:57:34 [emerg] 1#1: host not found in upstream "php" in /etc/nginx/conf.d/default.conf:16
2020/02/14 15:58:35 [emerg] 1#1: host not found in upstream "php" in /etc/nginx/conf.d/default.conf:16
2020/02/14 15:59:37 [emerg] 1#1: host not found in upstream "php" in /etc/nginx/conf.d/default.conf:16
2020/02/14 16:00:38 [emerg] 1#1: host not found in upstream "php" in /etc/nginx/conf.d/default.conf:16
2020/02/14 16:01:40 [emerg] 1#1: host not found in upstream "php" in /etc/nginx/conf.d/default.conf:16
2020/02/14 16:02:41 [emerg] 1#1: host not found in upstream "php" in /etc/nginx/conf.d/default.conf:16
2020/02/14 16:03:43 [emerg] 1#1: host not found in upstream "php" in /etc/nginx/conf.d/default.conf:16
2020/02/14 16:04:45 [emerg] 1#1: host not found in upstream "php" in /etc/nginx/conf.d/default.conf:16
 a
 wda
  d
  aw dawd awddawwd 
  awddawd aw
   
   awddawdaw
   dawd
   2020/02/14 16:05:46 [emerg] 1#1: host not found in upstream "php" in /etc/nginx/conf.d/default.conf:16
2020/02/14 16:06:48 [emerg] 1#1: host not found in upstream "php" in /etc/nginx/conf.d/default.conf:16
2020/02/14 16:07:51 [emerg] 1#1: host not found in upstream "php" in /etc/nginx/conf.d/default.conf:16
2020/02/14 16:08:52 [emerg] 1#1: host not found in upstream "php" in /etc/nginx/conf.d/default.conf:16
2020/02/14 16:09:54 [emerg] 1#1: host not found in upstream "php" in /etc/nginx/conf.d/default.conf:16
2020/02/14 16:10:55 [emerg] 1#1: host not found in upstream "php" in /etc/nginx/conf.d/default.conf:16
2020/02/14 16:11:56 [emerg] 1#1: host not found in upstream "php" in /etc/nginx/conf.d/default.conf:16
2020/02/14 16:12:58 [emerg] 1#1: host not found in upstream "php" in /etc/nginx/conf.d/default.conf:16
2020/02/14 16:13:59 [emerg] 1#1: host not found in upstream "php" in /etc/nginx/conf.d/default.conf:16
2020/02/14 16:15:00 [emerg] 1#1: host not found in upstream "php" in /etc/nginx/conf.d/default.conf:16
2020/02/14 16:16:02 [emerg] 1#1: host not found in upstream "php" in /etc/nginx/conf.d/default.conf:16
2020/02/14 16:17:03 [emerg] 1#1: host not found in upstream "php" in /etc/nginx/conf.d/default.conf:16
2020/02/14 16:18:04 [emerg] 1#1: host not found in upstream "php" in /etc/nginx/conf.d/default.conf:16
2020/02/14 16:19:06 [emerg] 1#1: host not found in upstream "php" in /etc/nginx/conf.d/default.conf:16
2020/02/14 16:20:07 [emerg] 1#1: host not found in upstream "php" in /etc/nginx/conf.d/default.conf:16
2020/02/14 16:21:08 [emerg] 1#1: host not found in upstream "php" in /etc/nginx/conf.d/default.conf:16
2020/02/14 16:22:09 [emerg] 1#1: host not found in upstream "php" in /etc/nginx/conf.d/default.conf:16
2020/02/14 16:23:11 [emerg] 1#1: host not found in upstream "php" in /etc/nginx/conf.d/default.conf:16
2020/02/14 16:24:12 [emerg] 1#1: host not found in upstream "php" in /etc/nginx/conf.d/default.conf:16
2020/02/14 16:25:14 [emerg] 1#1: host not found in upstream "php" in /etc/nginx/conf.d/default.conf:16
2020/02/15 20:06:49 [emerg] 1#1: host not found in upstream "php" in /etc/nginx/conf.d/default.conf:16
2020/02/15 20:06:57 [emerg] 1#1: host not found in upstream "php" in /etc/nginx/conf.d/default.conf:16
2020/02/15 20:07:03 [emerg] 1#1: host not found in upstream "php" in /etc/nginx/conf.d/default.conf:16
2020/02/15 20:07:11 [emerg] 1#1: host not found in upstream "php" in /etc/nginx/conf.d/default.conf:16
2020/02/15 20:07:21 [emerg] 1#1: host not found in upstream "php" in /etc/nginx/conf.d/default.conf:16
2020/02/15 20:07:34 [emerg] 1#1: host not found in upstream "php" in /etc/nginx/conf.d/default.conf:16
2020/02/15 20:07:41 [emerg] 1#1: host not found in upstream "php" in /etc/nginx/conf.d/default.conf:16
2020/02/15 20:07:49 [emerg] 1#1: host not found in upstream "php" in /etc/nginx/conf.d/default.conf:16
2020/02/15 20:08:05 [emerg] 1#1: host not found in upstream "php" in /etc/nginx/conf.d/default.conf:16
This is my Logs
dawd 
 wdaawd
 aw 
 dawd ad dawwd
 awddaw
awd aw dawa
awd aw daw
ad aw dawd
dawdawd
2020/02/17 21:30:48 [emerg] 1#1: host not found in upstream "php" in /etc/nginx/conf.d/default.conf:16
2020/02/17 21:30:57 [emerg] 1#1: host not found in upstream "php" in /etc/nginx/conf.d/default.conf:16
2020/02/17 21:31:06 [emerg] 1#1: host not found in upstream "php" in /etc/nginx/conf.d/default.conf:16
2020/02/17 21:31:13 [emerg] 1#1: host not found in upstream "php" in /etc/nginx/conf.d/default.conf:16
2020/02/17 21:31:24 [emerg] 1#1: host not found in upstream "php" in /etc/nginx/conf.d/default.conf:16
2020/02/17 21:31:31 [emerg] 1#1: host not found in upstream "php" in /etc/nginx/conf.d/default.conf:16
2020/02/17 21:31:42 [emerg] 1#1: host not found in upstream "php" in /etc/nginx/conf.d/default.conf:16
2020/02/17 21:31:56 [emerg] 1#1: host not found in upstream "php" in /etc/nginx/conf.d/default.conf:16
2020/02/17 21:32:15 [emerg] 1#1: host not found in upstream "php" in /etc/nginx/conf.d/default.conf:16
2020/02/17 21:32:47 [emerg] 1#1: host not found in upstream "php" in /etc/nginx/conf.d/default.conf:16
2020/02/17 21:34:40 [emerg] 1#1: host not found in upstream "php" in /etc/nginx/conf.d/default.conf:16
2020/02/17 21:34:50 [emerg] 1#1: host not found in upstream "php" in /etc/nginx/conf.d/default.conf:16
2020/02/17 21:34:58 [emerg] 1#1: host not found in upstream "php" in /etc/nginx/conf.d/default.conf:16
2020/02/17 21:35:05 [emerg] 1#1: host not found in upstream "php" in /etc/nginx/conf.d/default.conf:16
2020/02/17 21:35:15 [emerg] 1#1: host not found in upstream "php" in /etc/nginx/conf.d/default.conf:16
2020/02/17 21:35:23 [emerg] 1#1: host not found in upstream "php" in /etc/nginx/conf.d/default.conf:16
2020/02/17 21:35:33 [emerg] 1#1: host not found in upstream "php" in /etc/nginx/conf.d/default.conf:16
2020/02/17 21:35:45 [emerg] 1#1: host not found in upstream "php" in /etc/nginx/conf.d/default.conf:16
2020/02/17 21:37:21 [emerg] 1#1: host not found in upstream "php" in /etc/nginx/conf.d/default.conf:16
2020/02/17 21:37:31 [emerg] 1#1: host not found in upstream "php" in /etc/nginx/conf.d/default.conf:16
2020/02/17 21:37:39 [emerg] 1#1: host not found in upstream "php" in /etc/nginx/conf.d/default.conf:16
2020/02/17 21:37:47 [emerg] 1#1: host not found in upstream "php" in /etc/nginx/conf.d/default.conf:16
2020/02/17 21:37:57 [emerg] 1#1: host not found in upstream "php" in /etc/nginx/conf.d/default.conf:16
2020/02/17 21:38:05 [emerg] 1#1: host not found in upstream "php" in /etc/nginx/conf.d/default.conf:16
2020/02/17 21:40:00 [emerg] 1#1: host not found in upstream "php" in /etc/nginx/conf.d/default.conf:16
2020/02/17 21:40:11 [emerg] 1#1: host not found in upstream "php" in /etc/nginx/conf.d/default.conf:16
2020/02/17 21:40:20 [emerg] 1#1: host not found in upstream "php" in /etc/nginx/conf.d/default.conf:16
2020/02/17 21:40:29 [emerg] 1#1: host not found in upstream "php" in /etc/nginx/conf.d/default.conf:16
2020/02/17 21:40:38 [emerg] 1#1: host not found in upstream "php" in /etc/nginx/conf.d/default.conf:16
2020/02/17 21:40:50 [emerg] 1#1: host not found in upstream "php" in /etc/nginx/conf.d/default.conf:16
2020/02/17 21:40:59 [emerg] 1#1: host not found in upstream "php" in /etc/nginx/conf.d/default.conf:16
2020/02/17 21:41:13 [emerg] 1#1: host not found in upstream "php" in /etc/nginx/conf.d/default.conf:16
2020/02/17 21:41:32 [emerg] 1#1: host not found in upstream "php" in /etc/nginx/conf.d/default.conf:16
2020/02/17 21:42:05 [emerg] 1#1: host not found in upstream "php" in /etc/nginx/conf.d/default.conf:16
2020/02/18 08:27:44 [emerg] 1#1: host not found in upstream "php" in /etc/nginx/conf.d/default.conf:16
2020/02/18 08:27:50 [emerg] 1#1: host not found in upstream "php" in /etc/nginx/conf.d/default.conf:16
2020/02/18 08:27:58 [emerg] 1#1: host not found in upstream "php" in /etc/nginx/conf.d/default.conf:16
2020/02/18 08:28:05 [emerg] 1#1: host not found in upstream "php" in /etc/nginx/conf.d/default.conf:16
2020/02/18 08:28:11 [emerg] 1#1: host not found in upstream "php" in /etc/nginx/conf.d/default.conf:16
2020/02/18 08:28:17 [emerg] 1#1: host not found in upstream "php" in /etc/nginx/conf.d/default.conf:16
2020/02/18 08:28:25 [emerg] 1#1: host not found in upstream "php" in /etc/nginx/conf.d/default.conf:16
2020/02/18 08:28:34 [emerg] 1#1: host not found in upstream "php" in /etc/nginx/conf.d/default.conf:16
2020/02/18 08:28:49 [emerg] 1#1: host not found in upstream "php" in /etc/nginx/conf.d/default.conf:16
2020/02/18 08:29:21 [emerg] 1#1: host not found in upstream "php" in /etc/nginx/conf.d/default.conf:16
2020/02/18 08:30:14 [emerg] 1#1: host not found in upstream "php" in /etc/nginx/conf.d/default.conf:16
2020/02/18 08:31:15 [emerg] 1#1: host not found in upstream "php" in /etc/nginx/conf.d/default.conf:16
2020/02/18 08:32:17 [emerg] 1#1: host not found in upstream "php" in /etc/nginx/conf.d/default.conf:16
2020/02/18 08:33:19 [emerg] 1#1: host not found in upstream "php" in /etc/nginx/conf.d/default.conf:16
2020/02/18 08:34:21 [emerg] 1#1: host not found in upstream "php" in /etc/nginx/conf.d/default.conf:16
2020/02/18 08:35:22 [emerg] 1#1: host not found in upstream "php" in /etc/nginx/conf.d/default.conf:16
2020/02/18 08:36:24 [emerg] 1#1: host not found in upstream "php" in /etc/nginx/conf.d/default.conf:16
2020/02/18 08:37:25 [emerg] 1#1: host not found in upstream "php" in /etc/nginx/conf.d/default.conf:16
2020/02/18 08:38:27 [emerg] 1#1: host not found in upstream "php" in /etc/nginx/conf.d/default.conf:16
2020/02/18 08:39:28 [emerg] 1#1: host not found in upstream "php" in /etc/nginx/conf.d/default.conf:16
2020/02/18 08:48:38 [emerg] 1#1: host not found in upstream "php" in /etc/nginx/conf.d/default.conf:16
2020/02/18 08:48:43 [emerg] 1#1: host not found in upstream "php" in /etc/nginx/conf.d/default.conf:16
2020/02/18 08:48:51 [emerg] 1#1: host not found in upstream "php" in /etc/nginx/conf.d/default.conf:16
2020/02/18 08:48:58 [emerg] 1#1: host not found in upstream "php" in /etc/nginx/conf.d/default.conf:16
2020/02/18 08:49:02 [emerg] 1#1: host not found in upstream "php" in /etc/nginx/conf.d/default.conf:16
2020/02/18 08:49:07 [emerg] 1#1: host not found in upstream "php" in /etc/nginx/conf.d/default.conf:16
2020/02/18 08:49:12 [emerg] 1#1: host not found in upstream "php" in /etc/nginx/conf.d/default.conf:16
2020/02/18 08:49:21 [emerg] 1#1: host not found in upstream "php" in /etc/nginx/conf.d/default.conf:16
2020/02/18 08:49:54 [emerg] 1#1: host not found in upstream "php" in /etc/nginx/conf.d/default.conf:16
2020/02/18 08:50:00 [emerg] 1#1: host not found in upstream "php" in /etc/nginx/conf.d/default.conf:16
2020/02/18 08:50:06 [emerg] 1#1: host not found in upstream "php" in /etc/nginx/conf.d/default.conf:16
2020/02/18 08:50:11 [emerg] 1#1: host not found in upstream "php" in /etc/nginx/conf.d/default.conf:16
2020/02/18 08:50:16 [emerg] 1#1: host not found in upstream "php" in /etc/nginx/conf.d/default.conf:16
2020/02/18 08:50:20 [emerg] 1#1: host not found in upstream "php" in /etc/nginx/conf.d/default.conf:16
2020/02/18 08:50:27 [emerg] 1#1: host not found in upstream "php" in /etc/nginx/conf.d/default.conf:16
2020/02/18 08:50:38 [emerg] 1#1: host not found in upstream "php" in /etc/nginx/conf.d/default.conf:16
2020/02/18 08:50:54 [emerg] 1#1: host not found in upstream "php" in /etc/nginx/conf.d/default.conf:16
2020/02/18 08:51:22 [emerg] 1#1: host not found in upstream "php" in /etc/nginx/conf.d/default.conf:16
2020/02/18 08:51:29 [emerg] 1#1: host not found in upstream "php" in /etc/nginx/conf.d/default.conf:16
2020/02/18 08:51:35 [emerg] 1#1: host not found in upstream "php" in /etc/nginx/conf.d/default.conf:16
2020/02/18 08:51:40 [emerg] 1#1: host not found in upstream "php" in /etc/nginx/conf.d/default.conf:16
2020/02/18 08:51:45 [emerg] 1#1: host not found in upstream "php" in /etc/nginx/conf.d/default.conf:16
2020/02/18 08:51:49 [emerg] 1#1: host not found in upstream "php" in /etc/nginx/conf.d/default.conf:16
2020/02/18 08:51:55 [emerg] 1#1: host not found in upstream "php" in /etc/nginx/conf.d/default.conf:16
2020/02/18 08:52:05 [emerg] 1#1: host not found in upstream "php" in /etc/nginx/conf.d/default.conf:16
2020/02/18 08:52:20 [emerg] 1#1: host not found in upstream "php" in /etc/nginx/conf.d/default.conf:16
2020/02/18 08:52:51 [emerg] 1#1: host not found in upstream "php" in /etc/nginx/conf.d/default.conf:16
2020/02/18 08:53:46 [emerg] 1#1: host not found in upstream "php" in /etc/nginx/conf.d/default.conf:16
2020/02/18 08:54:48 [emerg] 1#1: host not found in upstream "php" in /etc/nginx/conf.d/default.conf:16
